<?xml version="1.0" encoding="UTF-8" ?>
<testsuite errors="0" failures="0" hostname="Carolyn-Laptop" name="com.flatironschool.javacs.WikiPhilosophyTest" skipped="0" tests="1" time="8.299" timestamp="2016-07-31T18:56:23">
  <properties>
[...]
</properties>
  <testcase classname="com.flatironschool.javacs.WikiPhilosophyTest" name="testMain" time="8.19" />
  <system-out><![CDATA[Link: low-levelLink: non-portableLink: computing platformsLink: code objectLink: Register transfer languageLink: [3]Link: [3]]]></system-out>
  <system-err><![CDATA[]]></system-err>
</testsuite>
